<?xml version="1.0" encoding="UTF-8"?>
<!-- Generated by org.testng.reporters.JUnitReportReporter -->
<testsuite skipped="3" hostname="LAPTOP-822V3APQ" name="day1.OpenWeatherAPI" tests="4" failures="0" timestamp="2021-11-09T12:36:18 IST" time="2.835" errors="0">
  <testcase name="getWeatherInfo4" time="2.835" classname="day1.OpenWeatherAPI"/>
  <system-out/>
  <testcase name="getWeatherInfo2" classname="day1.OpenWeatherAPI">
    <skipped/>
  </testcase> <!-- getWeatherInfo2 -->
  <system-out/>
  <testcase name="getWeatherInfo3" classname="day1.OpenWeatherAPI">
    <skipped/>
  </testcase> <!-- getWeatherInfo3 -->
  <system-out/>
  <testcase name="getWeatherInfo" classname="day1.OpenWeatherAPI">
    <skipped/>
  </testcase> <!-- getWeatherInfo -->
  <system-out/>
</testsuite> <!-- day1.OpenWeatherAPI -->
