<?xml version="1.0" encoding="UTF-8"?>
<!-- Generated by org.testng.reporters.JUnitReportReporter -->
<testsuite skipped="1" hostname="LAPTOP-822V3APQ" name="day1.PositiveTest" tests="3" failures="0" timestamp="2021-11-09T15:08:31 IST" time="3.076" errors="0">
  <testcase name="addContact" time="2.611" classname="day1.PositiveTest"/>
  <system-out/>
  <testcase name="getContact" time="0.465" classname="day1.PositiveTest"/>
  <system-out/>
  <testcase name="getAllContactList" classname="day1.PositiveTest">
    <skipped/>
  </testcase> <!-- getAllContactList -->
  <system-out/>
</testsuite> <!-- day1.PositiveTest -->
